userId = 21
block order id = 0
block order = NoFeedback > Visual > Electrotactile > Both > 
block order latin square = LatinSquare4C1 (bmlTUX.Scripts.VariableSystem.BlockOrderDefinition)
experiment start time = 2020-10-26_16-16-50
experiment end time = 2020-10-26_16-40-23
cube position = (-0.9, 1.3, 0.6)
cube scale = (0.2, 0.2, 0.2)
surface reference altitude = 1.325
approaching cube local scale = (1.3, 1.3, 1.3)
resting volume position = (-0.4, 1.3, 0.7)
resting volume scale = (0.5, 0.5, 0.5)
visual feedback clamp distance = 0.03
visual feedback remap = (1.0, 1.2)
electrotactitle feedback clamp distance = 0.03
electrotactile feedback remap = pulseWidth: EaseLinear y = 300*t + 200; frequency: Gamma encoding y = 170 * (t + 0)^3 + 30
electrotactile feedback pulsewidth = 500
velec = v2_1_i1_c5
intensities [sensation, pain, actual value]:
(0.8, 1.5, 1.2)
(1.1, 1.5, 1.3)
(0.6, 1.8, 1.3)

